<?xml version="1.0" encoding="UTF-8"?>
<!-- Generated by org.testng.reporters.JUnitReportReporter -->
<testsuite skipped="0" hostname="ravi-lenovo" name="MavenGroup.RestApiTest" tests="2" failures="0" timestamp="2020-03-27T15:11:48 IST" time="0.016" errors="0">
  <testcase name="TwitterLogin" time="0.002" classname="MavenGroup.RestApiTest"/>
  <testcase name="NavigateJira" time="0.014" classname="MavenGroup.RestApiTest"/>
</testsuite> <!-- MavenGroup.RestApiTest -->
