<?xml version="1.0" encoding="UTF-8"?>
<!-- Generated by org.testng.reporters.JUnitReportReporter -->
<testsuite skipped="0" hostname="ravi-lenovo" name="MavenGroup.SeleniumTest" tests="2" failures="0" timestamp="2020-03-27T15:11:48 IST" time="0.002" errors="0">
  <testcase name="Browserlogin" time="0.001" classname="MavenGroup.SeleniumTest"/>
  <testcase name="BrowserAutomation" time="0.001" classname="MavenGroup.SeleniumTest"/>
</testsuite> <!-- MavenGroup.SeleniumTest -->
