<?xml version="1.0" encoding="UTF-8"?>
<!-- Generated by org.testng.reporters.JUnitReportReporter -->
<testsuite skipped="0" hostname="ravi-lenovo" name="MavenGroup.AppiumTest" tests="2" failures="0" timestamp="2020-03-27T19:56:19 IST" time="0.003" errors="0">
  <testcase name="MobileAutomation" time="0.003" classname="MavenGroup.AppiumTest"/>
  <system-out/>
  <testcase name="Moblogin" time="0.000" classname="MavenGroup.AppiumTest"/>
  <system-out/>
</testsuite> <!-- MavenGroup.AppiumTest -->
