<?xml version="1.0" encoding="UTF-8"?>
<!-- Generated by org.testng.reporters.JUnitReportReporter -->
<testsuite skipped="0" hostname="ravi-lenovo" name="MavenGroup.RestApiTest" tests="2" failures="0" timestamp="2020-04-12T19:56:19 IST" time="0.005" errors="0">
  <testcase name="NavigateJira" time="0.005" classname="MavenGroup.RestApiTest"/>
  <system-out/>
  <testcase name="TwitterLogin" time="0.000" classname="MavenGroup.RestApiTest"/>
  <system-out/>
</testsuite> <!-- MavenGroup.RestApiTest -->
